# JRE version: OpenJDK Runtime Environment Temurin-21.0.9+10 (21.0.9+10) (build 21.0.9+10-LTS)
# Java VM: OpenJDK 64-Bit Server VM Temurin-21.0.9+10 (21.0.9+10-LTS, mixed mode, sharing, tiered, compressed oops, compressed class ptrs, parallel gc, windows-amd64)
GC Precious Log:
 CardTable entry size: 512
 CPUs: 12 total, 12 available
 Memory: 7863M
 Large Page Support: Disabled
 NUMA Support: Disabled
 Compressed Oops: Enabled (32-bit)
 Alignments: Space 512K, Generation 512K, Heap 2M
 Heap Min Capacity: 100M
 Heap Initial Capacity: 100M
 Heap Max Capacity: 2G
 Pre-touch: Disabled
 Parallel Workers: 10
Heap:
 PSYoungGen      total 3584K, used 355K [0x00000000d5580000, 0x00000000d5b00000, 0x0000000100000000)
  eden space 2560K, 6% used [0x00000000d5580000,0x00000000d55a8ef0,0x00000000d5800000)
  from space 1024K, 18% used [0x00000000d5980000,0x00000000d59b0000,0x00000000d5a80000)
  to   space 512K, 0% used [0x00000000d5a80000,0x00000000d5a80000,0x00000000d5b00000)
 ParOldGen       total 611840K, used 611727K [0x0000000080000000, 0x00000000a5580000, 0x00000000d5580000)
  object space 611840K, 99% used [0x0000000080000000,0x00000000a5563e90,0x00000000a5580000)
 Metaspace       used 82931K, committed 84544K, reserved 1179648K
  class space    used 8439K, committed 9152K, reserved 1048576K
GC Heap History (20 events):
Event: 1502.971 GC heap before
{Heap before GC invocations=1130 (full 4):
 PSYoungGen      total 7168K, used 6800K [0x00000000d5580000, 0x00000000d5f80000, 0x0000000100000000)
  eden space 4096K, 100% used [0x00000000d5580000,0x00000000d5980000,0x00000000d5980000)
  from space 3072K, 88% used [0x00000000d5a80000,0x00000000d5d24000,0x00000000d5d80000)
  to   space 2048K, 0% used [0x00000000d5d80000,0x00000000d5d80000,0x00000000d5f80000)
 ParOldGen       total 596992K, used 596929K [0x0000000080000000, 0x00000000a4700000, 0x00000000d5580000)
  object space 596992K, 99% used [0x0000000080000000,0x00000000a46f0610,0x00000000a4700000)
 Metaspace       used 82524K, committed 84096K, reserved 1179648K
  class space    used 8400K, committed 9152K, reserved 1048576K
}
Event: 1502.978 GC heap after
{Heap after GC invocations=1130 (full 4):
 PSYoungGen      total 5120K, used 752K [0x00000000d5580000, 0x00000000d5e80000, 0x0000000100000000)
  eden space 4096K, 0% used [0x00000000d5580000,0x00000000d5580000,0x00000000d5980000)
  from space 1024K, 73% used [0x00000000d5d80000,0x00000000d5e3c050,0x00000000d5e80000)
  to   space 1536K, 0% used [0x00000000d5b80000,0x00000000d5b80000,0x00000000d5d00000)
 ParOldGen       total 600064K, used 599558K [0x0000000080000000, 0x00000000a4a00000, 0x00000000d5580000)
  object space 600064K, 99% used [0x0000000080000000,0x00000000a4981aa0,0x00000000a4a00000)
 Metaspace       used 82524K, committed 84096K, reserved 1179648K
  class space    used 8400K, committed 9152K, reserved 1048576K
}
Event: 1503.095 GC heap before
{Heap before GC invocations=1131 (full 4):
 PSYoungGen      total 5120K, used 4848K [0x00000000d5580000, 0x00000000d5e80000, 0x0000000100000000)
  eden space 4096K, 100% used [0x00000000d5580000,0x00000000d5980000,0x00000000d5980000)
  from space 1024K, 73% used [0x00000000d5d80000,0x00000000d5e3c050,0x00000000d5e80000)
  to   space 1536K, 0% used [0x00000000d5b80000,0x00000000d5b80000,0x00000000d5d00000)
 ParOldGen       total 600064K, used 599558K [0x0000000080000000, 0x00000000a4a00000, 0x00000000d5580000)
  object space 600064K, 99% used [0x0000000080000000,0x00000000a4981aa0,0x00000000a4a00000)
 Metaspace       used 82655K, committed 84288K, reserved 1179648K
  class space    used 8410K, committed 9152K, reserved 1048576K
}
Event: 1503.099 GC heap after
{Heap after GC invocations=1131 (full 4):
 PSYoungGen      total 5632K, used 415K [0x00000000d5580000, 0x00000000d5e00000, 0x0000000100000000)
  eden space 4096K, 0% used [0x00000000d5580000,0x00000000d5580000,0x00000000d5980000)
  from space 1536K, 27% used [0x00000000d5b80000,0x00000000d5be7f70,0x00000000d5d00000)
  to   space 1024K, 0% used [0x00000000d5d00000,0x00000000d5d00000,0x00000000d5e00000)
 ParOldGen       total 600576K, used 600120K [0x0000000080000000, 0x00000000a4a80000, 0x00000000d5580000)
  object space 600576K, 99% used [0x0000000080000000,0x00000000a4a0e200,0x00000000a4a80000)
 Metaspace       used 82655K, committed 84288K, reserved 1179648K
  class space    used 8410K, committed 9152K, reserved 1048576K
}
Event: 1503.424 GC heap before
{Heap before GC invocations=1132 (full 4):
 PSYoungGen      total 5632K, used 4511K [0x00000000d5580000, 0x00000000d5e00000, 0x0000000100000000)
  eden space 4096K, 100% used [0x00000000d5580000,0x00000000d5980000,0x00000000d5980000)
  from space 1536K, 27% used [0x00000000d5b80000,0x00000000d5be7f70,0x00000000d5d00000)
  to   space 1024K, 0% used [0x00000000d5d00000,0x00000000d5d00000,0x00000000d5e00000)
 ParOldGen       total 600576K, used 600120K [0x0000000080000000, 0x00000000a4a80000, 0x00000000d5580000)
  object space 600576K, 99% used [0x0000000080000000,0x00000000a4a0e200,0x00000000a4a80000)
 Metaspace       used 82866K, committed 84480K, reserved 1179648K
  class space    used 8439K, committed 9152K, reserved 1048576K
}
Event: 1503.426 GC heap after
{Heap after GC invocations=1132 (full 4):
 PSYoungGen      total 4608K, used 352K [0x00000000d5580000, 0x00000000d5d80000, 0x0000000100000000)
  eden space 4096K, 0% used [0x00000000d5580000,0x00000000d5580000,0x00000000d5980000)
  from space 512K, 68% used [0x00000000d5d00000,0x00000000d5d58000,0x00000000d5d80000)
  to   space 512K, 0% used [0x00000000d5c80000,0x00000000d5c80000,0x00000000d5d00000)
 ParOldGen       total 600576K, used 600187K [0x0000000080000000, 0x00000000a4a80000, 0x00000000d5580000)
  object space 600576K, 99% used [0x0000000080000000,0x00000000a4a1ee08,0x00000000a4a80000)
 Metaspace       used 82866K, committed 84480K, reserved 1179648K
  class space    used 8439K, committed 9152K, reserved 1048576K
}
Event: 1503.593 GC heap before
{Heap before GC invocations=1133 (full 4):
 PSYoungGen      total 4608K, used 4448K [0x00000000d5580000, 0x00000000d5d80000, 0x0000000100000000)
  eden space 4096K, 100% used [0x00000000d5580000,0x00000000d5980000,0x00000000d5980000)
  from space 512K, 68% used [0x00000000d5d00000,0x00000000d5d58000,0x00000000d5d80000)
  to   space 512K, 0% used [0x00000000d5c80000,0x00000000d5c80000,0x00000000d5d00000)
 ParOldGen       total 600576K, used 600187K [0x0000000080000000, 0x00000000a4a80000, 0x00000000d5580000)
  object space 600576K, 99% used [0x0000000080000000,0x00000000a4a1ee08,0x00000000a4a80000)
 Metaspace       used 82879K, committed 84480K, reserved 1179648K
  class space    used 8439K, committed 9152K, reserved 1048576K
}
Event: 1503.595 GC heap after
{Heap after GC invocations=1133 (full 4):
 PSYoungGen      total 4608K, used 500K [0x00000000d5580000, 0x00000000d6080000, 0x0000000100000000)
  eden space 4096K, 0% used [0x00000000d5580000,0x00000000d5580000,0x00000000d5980000)
  from space 512K, 97% used [0x00000000d5c80000,0x00000000d5cfd1e8,0x00000000d5d00000)
  to   space 3584K, 0% used [0x00000000d5d00000,0x00000000d5d00000,0x00000000d6080000)
 ParOldGen       total 602624K, used 602503K [0x0000000080000000, 0x00000000a4c80000, 0x00000000d5580000)
  object space 602624K, 99% used [0x0000000080000000,0x00000000a4c61ff0,0x00000000a4c80000)
 Metaspace       used 82879K, committed 84480K, reserved 1179648K
  class space    used 8439K, committed 9152K, reserved 1048576K
}
Event: 1503.606 GC heap before
{Heap before GC invocations=1134 (full 4):
 PSYoungGen      total 4608K, used 4319K [0x00000000d5580000, 0x00000000d6080000, 0x0000000100000000)
  eden space 4096K, 93% used [0x00000000d5580000,0x00000000d593aaa0,0x00000000d5980000)
  from space 512K, 97% used [0x00000000d5c80000,0x00000000d5cfd1e8,0x00000000d5d00000)
  to   space 3584K, 0% used [0x00000000d5d00000,0x00000000d5d00000,0x00000000d6080000)
 ParOldGen       total 602624K, used 602503K [0x0000000080000000, 0x00000000a4c80000, 0x00000000d5580000)
  object space 602624K, 99% used [0x0000000080000000,0x00000000a4c61ff0,0x00000000a4c80000)
 Metaspace       used 82879K, committed 84480K, reserved 1179648K
  class space    used 8439K, committed 9152K, reserved 1048576K
}
Event: 1503.610 GC heap after
{Heap after GC invocations=1134 (full 4):
 PSYoungGen      total 6144K, used 3568K [0x00000000d5580000, 0x00000000d6380000, 0x0000000100000000)
  eden space 2560K, 0% used [0x00000000d5580000,0x00000000d5580000,0x00000000d5800000)
  from space 3584K, 99% used [0x00000000d5d00000,0x00000000d607c000,0x00000000d6080000)
  to   space 5120K, 0% used [0x00000000d5800000,0x00000000d5800000,0x00000000d5d00000)
 ParOldGen       total 603648K, used 603296K [0x0000000080000000, 0x00000000a4d80000, 0x00000000d5580000)
  object space 603648K, 99% used [0x0000000080000000,0x00000000a4d283d0,0x00000000a4d80000)
 Metaspace       used 82879K, committed 84480K, reserved 1179648K
  class space    used 8439K, committed 9152K, reserved 1048576K
}
Event: 1503.625 GC heap before
{Heap before GC invocations=1135 (full 4):
 PSYoungGen      total 6144K, used 6128K [0x00000000d5580000, 0x00000000d6380000, 0x0000000100000000)
  eden space 2560K, 100% used [0x00000000d5580000,0x00000000d5800000,0x00000000d5800000)
  from space 3584K, 99% used [0x00000000d5d00000,0x00000000d607c000,0x00000000d6080000)
  to   space 5120K, 0% used [0x00000000d5800000,0x00000000d5800000,0x00000000d5d00000)
 ParOldGen       total 603648K, used 603296K [0x0000000080000000, 0x00000000a4d80000, 0x00000000d5580000)
  object space 603648K, 99% used [0x0000000080000000,0x00000000a4d283d0,0x00000000a4d80000)
 Metaspace       used 82879K, committed 84480K, reserved 1179648K
  class space    used 8439K, committed 9152K, reserved 1048576K
}
Event: 1503.630 GC heap after
{Heap after GC invocations=1135 (full 4):
 PSYoungGen      total 5632K, used 2691K [0x00000000d5580000, 0x00000000d5f00000, 0x0000000100000000)
  eden space 2560K, 0% used [0x00000000d5580000,0x00000000d5580000,0x00000000d5800000)
  from space 3072K, 87% used [0x00000000d5800000,0x00000000d5aa0d60,0x00000000d5b00000)
  to   space 3584K, 0% used [0x00000000d5b80000,0x00000000d5b80000,0x00000000d5f00000)
 ParOldGen       total 606720K, used 606440K [0x0000000080000000, 0x00000000a5080000, 0x00000000d5580000)
  object space 606720K, 99% used [0x0000000080000000,0x00000000a503a3d0,0x00000000a5080000)
 Metaspace       used 82879K, committed 84480K, reserved 1179648K
  class space    used 8439K, committed 9152K, reserved 1048576K
}
Event: 1503.637 GC heap before
{Heap before GC invocations=1136 (full 4):
 PSYoungGen      total 5632K, used 5251K [0x00000000d5580000, 0x00000000d5f00000, 0x0000000100000000)
  eden space 2560K, 100% used [0x00000000d5580000,0x00000000d5800000,0x00000000d5800000)
  from space 3072K, 87% used [0x00000000d5800000,0x00000000d5aa0d60,0x00000000d5b00000)
  to   space 3584K, 0% used [0x00000000d5b80000,0x00000000d5b80000,0x00000000d5f00000)
 ParOldGen       total 606720K, used 606440K [0x0000000080000000, 0x00000000a5080000, 0x00000000d5580000)
  object space 606720K, 99% used [0x0000000080000000,0x00000000a503a3d0,0x00000000a5080000)
 Metaspace       used 82879K, committed 84480K, reserved 1179648K
  class space    used 8439K, committed 9152K, reserved 1048576K
}
Event: 1503.639 GC heap after
{Heap after GC invocations=1136 (full 4):
 PSYoungGen      total 5120K, used 2320K [0x00000000d5580000, 0x00000000d5e00000, 0x0000000100000000)
  eden space 2560K, 0% used [0x00000000d5580000,0x00000000d5580000,0x00000000d5800000)
  from space 2560K, 90% used [0x00000000d5b80000,0x00000000d5dc4000,0x00000000d5e00000)
  to   space 2560K, 0% used [0x00000000d5900000,0x00000000d5900000,0x00000000d5b80000)
 ParOldGen       total 609792K, used 609303K [0x0000000080000000, 0x00000000a5380000, 0x00000000d5580000)
  object space 609792K, 99% used [0x0000000080000000,0x00000000a5305e90,0x00000000a5380000)
 Metaspace       used 82879K, committed 84480K, reserved 1179648K
  class space    used 8439K, committed 9152K, reserved 1048576K
}
Event: 1504.254 GC heap before
{Heap before GC invocations=1137 (full 4):
 PSYoungGen      total 5120K, used 4880K [0x00000000d5580000, 0x00000000d5e00000, 0x0000000100000000)
  eden space 2560K, 100% used [0x00000000d5580000,0x00000000d5800000,0x00000000d5800000)
  from space 2560K, 90% used [0x00000000d5b80000,0x00000000d5dc4000,0x00000000d5e00000)
  to   space 2560K, 0% used [0x00000000d5900000,0x00000000d5900000,0x00000000d5b80000)
 ParOldGen       total 609792K, used 609303K [0x0000000080000000, 0x00000000a5380000, 0x00000000d5580000)
  object space 609792K, 99% used [0x0000000080000000,0x00000000a5305e90,0x00000000a5380000)
 Metaspace       used 82880K, committed 84480K, reserved 1179648K
  class space    used 8439K, committed 9152K, reserved 1048576K
}
Event: 1504.259 GC heap after
{Heap after GC invocations=1137 (full 4):
 PSYoungGen      total 3072K, used 384K [0x00000000d5580000, 0x00000000d5c00000, 0x0000000100000000)
  eden space 2560K, 0% used [0x00000000d5580000,0x00000000d5580000,0x00000000d5800000)
  from space 512K, 75% used [0x00000000d5900000,0x00000000d5960000,0x00000000d5980000)
  to   space 1536K, 0% used [0x00000000d5a80000,0x00000000d5a80000,0x00000000d5c00000)
 ParOldGen       total 611840K, used 611559K [0x0000000080000000, 0x00000000a5580000, 0x00000000d5580000)
  object space 611840K, 99% used [0x0000000080000000,0x00000000a5539e90,0x00000000a5580000)
 Metaspace       used 82880K, committed 84480K, reserved 1179648K
  class space    used 8439K, committed 9152K, reserved 1048576K
}
Event: 1506.192 GC heap before
{Heap before GC invocations=1138 (full 4):
 PSYoungGen      total 3072K, used 2944K [0x00000000d5580000, 0x00000000d5c00000, 0x0000000100000000)
  eden space 2560K, 100% used [0x00000000d5580000,0x00000000d5800000,0x00000000d5800000)
  from space 512K, 75% used [0x00000000d5900000,0x00000000d5960000,0x00000000d5980000)
  to   space 1536K, 0% used [0x00000000d5a80000,0x00000000d5a80000,0x00000000d5c00000)
 ParOldGen       total 611840K, used 611559K [0x0000000080000000, 0x00000000a5580000, 0x00000000d5580000)
  object space 611840K, 99% used [0x0000000080000000,0x00000000a5539e90,0x00000000a5580000)
 Metaspace       used 82880K, committed 84480K, reserved 1179648K
  class space    used 8439K, committed 9152K, reserved 1048576K
}
Event: 1506.197 GC heap after
{Heap after GC invocations=1138 (full 4):
 PSYoungGen      total 3584K, used 528K [0x00000000d5580000, 0x00000000d5b80000, 0x0000000100000000)
  eden space 2560K, 0% used [0x00000000d5580000,0x00000000d5580000,0x00000000d5800000)
  from space 1024K, 51% used [0x00000000d5a80000,0x00000000d5b04010,0x00000000d5b80000)
  to   space 1024K, 0% used [0x00000000d5980000,0x00000000d5980000,0x00000000d5a80000)
 ParOldGen       total 611840K, used 611703K [0x0000000080000000, 0x00000000a5580000, 0x00000000d5580000)
  object space 611840K, 99% used [0x0000000080000000,0x00000000a555de90,0x00000000a5580000)
 Metaspace       used 82880K, committed 84480K, reserved 1179648K
  class space    used 8439K, committed 9152K, reserved 1048576K
}
Event: 7522.082 GC heap before
{Heap before GC invocations=1139 (full 4):
 PSYoungGen      total 3584K, used 3088K [0x00000000d5580000, 0x00000000d5b80000, 0x0000000100000000)
  eden space 2560K, 99% used [0x00000000d5580000,0x00000000d57ffff8,0x00000000d5800000)
  from space 1024K, 51% used [0x00000000d5a80000,0x00000000d5b04010,0x00000000d5b80000)
  to   space 1024K, 0% used [0x00000000d5980000,0x00000000d5980000,0x00000000d5a80000)
 ParOldGen       total 611840K, used 611703K [0x0000000080000000, 0x00000000a5580000, 0x00000000d5580000)
  object space 611840K, 99% used [0x0000000080000000,0x00000000a555de90,0x00000000a5580000)
 Metaspace       used 82908K, committed 84480K, reserved 1179648K
  class space    used 8439K, committed 9152K, reserved 1048576K
}
Event: 7522.208 GC heap after
{Heap after GC invocations=1139 (full 4):
 PSYoungGen      total 3584K, used 192K [0x00000000d5580000, 0x00000000d5b00000, 0x0000000100000000)
  eden space 2560K, 0% used [0x00000000d5580000,0x00000000d5580000,0x00000000d5800000)
  from space 1024K, 18% used [0x00000000d5980000,0x00000000d59b0000,0x00000000d5a80000)
  to   space 512K, 0% used [0x00000000d5a80000,0x00000000d5a80000,0x00000000d5b00000)
 ParOldGen       total 611840K, used 611727K [0x0000000080000000, 0x00000000a5580000, 0x00000000d5580000)
  object space 611840K, 99% used [0x0000000080000000,0x00000000a5563e90,0x00000000a5580000)
 Metaspace       used 82908K, committed 84480K, reserved 1179648K
  class space    used 8439K, committed 9152K, reserved 1048576K
}

